<?xml version="1.0" encoding="UTF-8"?>
<!-- Generated by org.testng.reporters.JUnitXMLReporter -->
<testsuite hostname="IBM127-PC06XP2F" ignored="0" name="Test" tests="1" failures="0" timestamp="29 Aug 2017 16:38:09 GMT" time="0.067" errors="0">
  <testcase name="@BeforeMethod preCondition" time="0.008" classname="com.k2js.newtours.testrunner.NewToursTestRunner">
    <failure type="java.lang.NullPointerException">
      <![CDATA[java.lang.NullPointerException
	at com.k2js.newtours.util.BrowserFactory.openURL(BrowserFactory.java:81)
	at com.k2js.newtours.testrunner.NewToursTestRunner.preCondition(NewToursTestRunner.java:35)
... Removed 27 stack frames]]>
    </failure>
  </testcase> <!-- @BeforeMethod preCondition -->
  <testcase name="verifyHomePage" time="0.001" classname="com.k2js.newtours.testrunner.NewToursTestRunner">
    <skipped/>
  </testcase> <!-- verifyHomePage -->
</testsuite> <!-- Test -->
