<?xml version="1.0" encoding="UTF-8"?>
<!-- Generated by org.testng.reporters.JUnitXMLReporter -->
<testsuite hostname="DESKTOP-1RHTLLE" ignored="0" name="Default test" tests="2" failures="0" timestamp="16 Dec 2018 13:06:40 GMT" time="0.067" errors="0">
  <testcase name="verifyRegisterPage" time="0.017" classname="com.k2js.ExcelLearning.ExcelPractice.ExcelReads"/>
  <testcase name="verifyRegisterPage" time="0.0" classname="com.k2js.ExcelLearning.ExcelPractice.ExcelReads"/>
</testsuite> <!-- Default test -->
