<?xml version="1.0" encoding="UTF-8"?>
<testng-results skipped="0" failed="0" ignored="0" total="2" passed="2">
  <reporter-output>
  </reporter-output>
  <suite name="Default suite" duration-ms="75" started-at="2018-01-30T15:10:45Z" finished-at="2018-01-30T15:10:45Z">
    <groups>
      <group name="Regression">
        <method signature="NewTestRunner.verifyHomePage()[pri:20, instance:com.k2js.TestNGsample.module1.NewTestRunner@2ef5e5e3]" name="verifyHomePage" class="com.k2js.TestNGsample.module1.NewTestRunner"/>
      </group> <!-- Regression -->
      <group name="Smoke">
        <method signature="NewTestRunner.verifyRegpage()[pri:10, instance:com.k2js.TestNGsample.module1.NewTestRunner@2ef5e5e3]" name="verifyRegpage" class="com.k2js.TestNGsample.module1.NewTestRunner"/>
      </group> <!-- Smoke -->
    </groups>
    <test name="Default test" duration-ms="75" started-at="2018-01-30T15:10:45Z" finished-at="2018-01-30T15:10:45Z">
      <class name="com.k2js.TestNGsample.module1.NewTestRunner">
        <test-method status="PASS" signature="getEnterData(java.lang.String, java.lang.String, java.lang.String)[pri:0, instance:com.k2js.TestNGsample.module1.NewTestRunner@2ef5e5e3]" name="getEnterData" is-config="true" duration-ms="22" started-at="2018-01-30T20:40:45Z" finished-at="2018-01-30T20:40:45Z">
          <params>
            <param index="0">
              <value>
                <![CDATA[Chrome]]>
              </value>
            </param>
            <param index="1">
              <value>
                <![CDATA[local]]>
              </value>
            </param>
            <param index="2">
              <value>
                <![CDATA[http://google.com]]>
              </value>
            </param>
          </params>
          <reporter-output>
          </reporter-output>
        </test-method> <!-- getEnterData -->
        <test-method status="PASS" signature="precondition()[pri:0, instance:com.k2js.TestNGsample.module1.NewTestRunner@2ef5e5e3]" name="precondition" is-config="true" duration-ms="1" started-at="2018-01-30T20:40:45Z" finished-at="2018-01-30T20:40:45Z">
          <reporter-output>
          </reporter-output>
        </test-method> <!-- precondition -->
        <test-method status="PASS" signature="precondition1()[pri:0, instance:com.k2js.TestNGsample.module1.NewTestRunner@2ef5e5e3]" name="precondition1" is-config="true" duration-ms="1" started-at="2018-01-30T20:40:45Z" finished-at="2018-01-30T20:40:45Z">
          <reporter-output>
          </reporter-output>
        </test-method> <!-- precondition1 -->
        <test-method status="PASS" signature="verifyRegpage()[pri:10, instance:com.k2js.TestNGsample.module1.NewTestRunner@2ef5e5e3]" name="verifyRegpage" duration-ms="11" started-at="2018-01-30T20:40:45Z" finished-at="2018-01-30T20:40:45Z">
          <reporter-output>
          </reporter-output>
        </test-method> <!-- verifyRegpage -->
        <test-method status="PASS" signature="postCondition()[pri:0, instance:com.k2js.TestNGsample.module1.NewTestRunner@2ef5e5e3]" name="postCondition" is-config="true" duration-ms="1" started-at="2018-01-30T20:40:45Z" finished-at="2018-01-30T20:40:45Z">
          <reporter-output>
          </reporter-output>
        </test-method> <!-- postCondition -->
        <test-method status="PASS" signature="postCondition1()[pri:0, instance:com.k2js.TestNGsample.module1.NewTestRunner@2ef5e5e3]" name="postCondition1" is-config="true" duration-ms="0" started-at="2018-01-30T20:40:45Z" finished-at="2018-01-30T20:40:45Z">
          <reporter-output>
          </reporter-output>
        </test-method> <!-- postCondition1 -->
        <test-method status="PASS" signature="precondition()[pri:0, instance:com.k2js.TestNGsample.module1.NewTestRunner@2ef5e5e3]" name="precondition" is-config="true" duration-ms="1" started-at="2018-01-30T20:40:45Z" finished-at="2018-01-30T20:40:45Z">
          <reporter-output>
          </reporter-output>
        </test-method> <!-- precondition -->
        <test-method status="PASS" signature="grp()[pri:0, instance:com.k2js.TestNGsample.module1.NewTestRunner@2ef5e5e3]" name="grp" is-config="true" duration-ms="0" started-at="2018-01-30T20:40:45Z" finished-at="2018-01-30T20:40:45Z">
          <reporter-output>
          </reporter-output>
        </test-method> <!-- grp -->
        <test-method status="PASS" signature="verifyHomePage()[pri:20, instance:com.k2js.TestNGsample.module1.NewTestRunner@2ef5e5e3]" name="verifyHomePage" duration-ms="3" started-at="2018-01-30T20:40:45Z" finished-at="2018-01-30T20:40:45Z">
          <reporter-output>
          </reporter-output>
        </test-method> <!-- verifyHomePage -->
        <test-method status="PASS" signature="precondition1()[pri:0, instance:com.k2js.TestNGsample.module1.NewTestRunner@2ef5e5e3]" name="precondition1" is-config="true" duration-ms="0" started-at="2018-01-30T20:40:45Z" finished-at="2018-01-30T20:40:45Z">
          <reporter-output>
          </reporter-output>
        </test-method> <!-- precondition1 -->
        <test-method status="PASS" signature="postCondition()[pri:0, instance:com.k2js.TestNGsample.module1.NewTestRunner@2ef5e5e3]" name="postCondition" is-config="true" duration-ms="1" started-at="2018-01-30T20:40:45Z" finished-at="2018-01-30T20:40:45Z">
          <reporter-output>
          </reporter-output>
        </test-method> <!-- postCondition -->
        <test-method status="PASS" signature="postCondition1()[pri:0, instance:com.k2js.TestNGsample.module1.NewTestRunner@2ef5e5e3]" name="postCondition1" is-config="true" duration-ms="0" started-at="2018-01-30T20:40:45Z" finished-at="2018-01-30T20:40:45Z">
          <reporter-output>
          </reporter-output>
        </test-method> <!-- postCondition1 -->
      </class> <!-- com.k2js.TestNGsample.module1.NewTestRunner -->
    </test> <!-- Default test -->
  </suite> <!-- Default suite -->
</testng-results>
