<?xml version="1.0" encoding="UTF-8"?>
<testng-results skipped="0" failed="0" ignored="0" total="4" passed="4">
  <reporter-output>
  </reporter-output>
  <suite name="Suite" duration-ms="125" started-at="2017-08-19T05:25:57Z" finished-at="2017-08-19T05:25:57Z">
    <groups>
      <group name="Regression">
        <method signature="NewTestRunner.verifyHomePage()[pri:20, instance:com.k2js.TestNGsample.module1.NewTestRunner@1fbc7afb]" name="verifyHomePage" class="com.k2js.TestNGsample.module1.NewTestRunner"/>
        <method signature="NewTestRunner.verifyHomePage()[pri:20, instance:com.k2js.TestNGsample.module1.NewTestRunner@e580929]" name="verifyHomePage" class="com.k2js.TestNGsample.module1.NewTestRunner"/>
      </group> <!-- Regression -->
      <group name="Smoke">
        <method signature="NewTestRunner.verifyRegpage()[pri:10, instance:com.k2js.TestNGsample.module1.NewTestRunner@1fbc7afb]" name="verifyRegpage" class="com.k2js.TestNGsample.module1.NewTestRunner"/>
        <method signature="NewTestRunner.verifyRegpage()[pri:10, instance:com.k2js.TestNGsample.module1.NewTestRunner@e580929]" name="verifyRegpage" class="com.k2js.TestNGsample.module1.NewTestRunner"/>
      </group> <!-- Smoke -->
    </groups>
    <test name="Test1" duration-ms="47" started-at="2017-08-19T05:25:57Z" finished-at="2017-08-19T05:25:57Z">
      <class name="com.k2js.TestNGsample.module1.NewTestRunner">
        <test-method status="PASS" signature="precondition()[pri:0, instance:com.k2js.TestNGsample.module1.NewTestRunner@e580929]" name="precondition" is-config="true" duration-ms="0" started-at="2017-08-19T10:55:57Z" finished-at="2017-08-19T10:55:57Z">
          <reporter-output>
          </reporter-output>
        </test-method> <!-- precondition -->
        <test-method status="PASS" signature="verifyRegpage()[pri:10, instance:com.k2js.TestNGsample.module1.NewTestRunner@e580929]" name="verifyRegpage" duration-ms="15" started-at="2017-08-19T10:55:57Z" finished-at="2017-08-19T10:55:57Z">
          <reporter-output>
          </reporter-output>
        </test-method> <!-- verifyRegpage -->
        <test-method status="PASS" signature="verifyHomePage()[pri:20, instance:com.k2js.TestNGsample.module1.NewTestRunner@e580929]" name="verifyHomePage" duration-ms="0" started-at="2017-08-19T10:55:57Z" finished-at="2017-08-19T10:55:57Z">
          <reporter-output>
          </reporter-output>
        </test-method> <!-- verifyHomePage -->
        <test-method status="PASS" signature="postCondition()[pri:0, instance:com.k2js.TestNGsample.module1.NewTestRunner@e580929]" name="postCondition" is-config="true" duration-ms="0" started-at="2017-08-19T10:55:57Z" finished-at="2017-08-19T10:55:57Z">
          <reporter-output>
          </reporter-output>
        </test-method> <!-- postCondition -->
        <test-method status="PASS" signature="postCondition()[pri:0, instance:com.k2js.TestNGsample.module1.NewTestRunner@e580929]" name="postCondition" is-config="true" duration-ms="0" started-at="2017-08-19T10:55:57Z" finished-at="2017-08-19T10:55:57Z">
          <reporter-output>
          </reporter-output>
        </test-method> <!-- postCondition -->
        <test-method status="PASS" signature="precondition()[pri:0, instance:com.k2js.TestNGsample.module1.NewTestRunner@e580929]" name="precondition" is-config="true" duration-ms="0" started-at="2017-08-19T10:55:57Z" finished-at="2017-08-19T10:55:57Z">
          <reporter-output>
          </reporter-output>
        </test-method> <!-- precondition -->
      </class> <!-- com.k2js.TestNGsample.module1.NewTestRunner -->
    </test> <!-- Test1 -->
    <test name="Test" duration-ms="125" started-at="2017-08-19T05:25:57Z" finished-at="2017-08-19T05:25:57Z">
      <class name="com.k2js.TestNGsample.module1.NewTestRunner">
        <test-method status="PASS" signature="verifyRegpage()[pri:10, instance:com.k2js.TestNGsample.module1.NewTestRunner@1fbc7afb]" name="verifyRegpage" duration-ms="0" started-at="2017-08-19T10:55:57Z" finished-at="2017-08-19T10:55:57Z">
          <reporter-output>
          </reporter-output>
        </test-method> <!-- verifyRegpage -->
        <test-method status="PASS" signature="precondition()[pri:0, instance:com.k2js.TestNGsample.module1.NewTestRunner@1fbc7afb]" name="precondition" is-config="true" duration-ms="0" started-at="2017-08-19T10:55:57Z" finished-at="2017-08-19T10:55:57Z">
          <reporter-output>
          </reporter-output>
        </test-method> <!-- precondition -->
        <test-method status="PASS" signature="postCondition()[pri:0, instance:com.k2js.TestNGsample.module1.NewTestRunner@1fbc7afb]" name="postCondition" is-config="true" duration-ms="0" started-at="2017-08-19T10:55:57Z" finished-at="2017-08-19T10:55:57Z">
          <reporter-output>
          </reporter-output>
        </test-method> <!-- postCondition -->
        <test-method status="PASS" signature="postCondition()[pri:0, instance:com.k2js.TestNGsample.module1.NewTestRunner@1fbc7afb]" name="postCondition" is-config="true" duration-ms="0" started-at="2017-08-19T10:55:57Z" finished-at="2017-08-19T10:55:57Z">
          <reporter-output>
          </reporter-output>
        </test-method> <!-- postCondition -->
        <test-method status="PASS" signature="precondition()[pri:0, instance:com.k2js.TestNGsample.module1.NewTestRunner@1fbc7afb]" name="precondition" is-config="true" duration-ms="0" started-at="2017-08-19T10:55:57Z" finished-at="2017-08-19T10:55:57Z">
          <reporter-output>
          </reporter-output>
        </test-method> <!-- precondition -->
        <test-method status="PASS" signature="verifyHomePage()[pri:20, instance:com.k2js.TestNGsample.module1.NewTestRunner@1fbc7afb]" name="verifyHomePage" duration-ms="0" started-at="2017-08-19T10:55:57Z" finished-at="2017-08-19T10:55:57Z">
          <reporter-output>
          </reporter-output>
        </test-method> <!-- verifyHomePage -->
      </class> <!-- com.k2js.TestNGsample.module1.NewTestRunner -->
    </test> <!-- Test -->
  </suite> <!-- Suite -->
</testng-results>
