<?xml version="1.0" encoding="UTF-8"?>
<testng-results skipped="0" failed="0" ignored="0" total="1" passed="1">
  <reporter-output>
  </reporter-output>
  <suite name="Default suite" duration-ms="6527" started-at="2018-02-06T09:44:27Z" finished-at="2018-02-06T09:44:33Z">
    <groups>
    </groups>
    <test name="Default test" duration-ms="6527" started-at="2018-02-06T09:44:27Z" finished-at="2018-02-06T09:44:33Z">
      <class name="com.k2js.frameworkLater.testruner.TestRunner">
        <test-method status="PASS" signature="verifyHomePage()[pri:0, instance:com.k2js.frameworkLater.testruner.TestRunner@d8355a8]" name="verifyHomePage" duration-ms="6472" started-at="2018-02-06T15:14:27Z" finished-at="2018-02-06T15:14:33Z">
          <reporter-output>
          </reporter-output>
        </test-method> <!-- verifyHomePage -->
      </class> <!-- com.k2js.frameworkLater.testruner.TestRunner -->
    </test> <!-- Default test -->
  </suite> <!-- Default suite -->
</testng-results>
